{
  "executionDate": "2025-09-14T04:16:00Z",
  "executionDuration": "15 minutes",
  "executionAgent": "test-executor",
  "context": "Post-TypeScript compilation fixes validation",
  "previousContext": "393 TypeScript errors reduced to 0 - validating functionality",
  
  "environmentHealth": {
    "status": "PERFECT",
    "infrastructureScore": "100%",
    "details": {
      "apiService": {
        "status": "healthy",
        "endpoint": "http://localhost:5656/health",
        "response": "{\"status\":\"Healthy\"}",
        "dataAvailability": "10 events with full ticket/session details"
      },
      "webService": {
        "status": "healthy", 
        "endpoint": "http://localhost:5173/",
        "response": "HTML/Vite client loading correctly"
      },
      "database": {
        "status": "seeded",
        "eventCount": 10,
        "dataQuality": "comprehensive test data available"
      }
    }
  },
  
  "testSuiteResults": {
    "totalSuites": 3,
    "executedSuites": 2,
    "summary": {
      "overallStatus": "CRITICAL_FAILURE",
      "primaryIssue": "React application not rendering - infrastructure perfect but application layer 0% functional",
      "matchesLessonLearned": "ES6_IMPORT_ERROR_PATTERN"
    }
  },
  
  "reactUnitTests": {
    "status": "TIMEOUT_FAILURE",
    "framework": "Vitest v3.2.4",
    "duration": "120s (timeout)",
    "results": {
      "passed": 2,
      "failed": 31,
      "skipped": 19,
      "timedOut": true
    },
    "criticalFindings": [
      {
        "type": "accessibility_violation",
        "test": "SecurityPage password form fields",
        "error": "Label 'Current Password' not associated with form control",
        "impact": "Form accessibility broken"
      },
      {
        "type": "test_infrastructure",
        "issue": "EventSessionForm tests all skipped (19 tests)",
        "impact": "Core event functionality untested"
      }
    ],
    "recommendation": "blazor-developer needed for form accessibility fixes"
  },
  
  "playwrightE2ETests": {
    "status": "CRITICAL_FAILURE", 
    "framework": "Playwright",
    "duration": "14.8s",
    "planned": 284,
    "executed": 11,
    "results": {
      "passed": 1,
      "failed": 5,
      "interrupted": 5,
      "didNotRun": 273,
      "stopReason": "max-failures-reached"
    },
    "criticalFindings": [
      {
        "type": "react_not_rendering",
        "evidence": "Missing H1 'Welcome Back', missing login form elements",
        "tests": ["auth-fixed.spec.ts", "admin-events-workflow-test.spec.ts"],
        "error": "Elements not found - React app not initializing"
      },
      {
        "type": "console_errors",
        "pattern": "Failed to load resource: 500 Internal Server Error",
        "frequency": "every test",
        "impact": "Indicates script loading/execution failure"
      },
      {
        "type": "missing_form_elements",
        "evidence": "[data-testid='email-input'] not found",
        "impact": "Login functionality completely unavailable"
      }
    ],
    "recommendation": "react-developer needed for ES6 import error resolution"
  },
  
  "apiBackendTests": {
    "status": "NOT_AVAILABLE",
    "reason": "Background processes suggest API tests exist but not accessible from current project structure",
    "evidence": "Multiple dotnet run processes visible but no .csproj files found",
    "recommendation": "Locate and execute API test suite separately"
  },
  
  "systemicIssueAnalysis": {
    "primaryPattern": "ES6_IMPORT_ERROR_BLOCKING_REACT",
    "evidenceChain": [
      "Infrastructure 100% healthy (API + Web services responding)",
      "HTML delivery working (Vite client loads, title displays)",
      "React not mounting (no H1, no form elements, empty #root)",
      "Console errors: 500 Internal Server Error on resource loading",
      "All UI tests fail with 'element not found' timeouts"
    ],
    "matchesLessonLearned": {
      "document": "/docs/lessons-learned/test-executor-lessons-learned.md",
      "pattern": "ES6 import errors preventing React app execution", 
      "lines": "156-240",
      "previousSuccess": "Exact same pattern resolved before"
    },
    "impactAssessment": {
      "userFacing": "100% of user functionality broken",
      "businessCritical": true,
      "testability": "E2E tests impossible until React renders"
    }
  },
  
  "recommendedActions": {
    "immediate": [
      {
        "priority": "CRITICAL",
        "action": "Fix ES6 import errors preventing React initialization",
        "agent": "react-developer",
        "evidence": "Missing exports, incorrect module paths, or dependency issues"
      }
    ],
    "followUp": [
      {
        "priority": "HIGH", 
        "action": "Fix form accessibility violations in SecurityPage",
        "agent": "blazor-developer", 
        "details": "Label association for password form fields"
      },
      {
        "priority": "MEDIUM",
        "action": "Investigate unit test timeout issues",
        "agent": "test-developer",
        "details": "EventSessionForm tests skipping, memory/performance issues"
      }
    ]
  },
  
  "qualityMetrics": {
    "infrastructureReliability": "100%",
    "applicationFunctionality": "0%",
    "testExecution": "Partial (blocked by application issues)",
    "overallAssessment": "ENVIRONMENT_PERFECT_APPLICATION_BROKEN"
  },
  
  "artifactLocations": {
    "unitTestLog": "/tmp/react-unit-test-results.log",
    "e2eTestLog": "/tmp/e2e-test-results.log",
    "playwrightReports": "tests/playwright/test-results/",
    "screenshots": "Multiple test failure screenshots available",
    "executionReport": "/home/chad/repos/witchcityrope-react/test-results/comprehensive-test-execution-report-2025-09-14.json"
  },
  
  "nextStepsForOrchestrator": [
    "Delegate ES6 import error resolution to react-developer",
    "After React fixes, re-run comprehensive test suite",
    "Address form accessibility issues with blazor-developer", 
    "Investigate and resolve unit test performance issues"
  ],
  
  "lessonsApplied": [
    "Environment pre-flight checks prevented misdiagnosis",
    "Distinguished infrastructure vs application layer issues",
    "Recognized ES6 import error pattern from lessons learned",
    "Systematic test execution order provided clear failure isolation"
  ]
}