{
  "assessment_date": "2025-09-12",
  "assessment_type": "TDD_READINESS_COMPREHENSIVE",
  "summary": {
    "overall_status": "BLOCKED",
    "critical_blocker": "COMPILATION_ERRORS",
    "tdd_readiness": "0%",
    "recommended_action": "BACKEND_DEVELOPER_IMMEDIATE_INTERVENTION"
  },
  "environment_health": {
    "react_service": {
      "status": "HEALTHY",
      "url": "http://localhost:5173",
      "response": "200_OK",
      "details": "Serving Vite React app correctly"
    },
    "api_service": {
      "status": "FAILED_TO_START",
      "url": "http://localhost:5655",
      "response": "CONNECTION_REFUSED",
      "details": "API service not running due to compilation errors"
    },
    "processes": {
      "react_dev_server": "RUNNING",
      "api_server": "NOT_RUNNING",
      "dotnet_msbuild": "MULTIPLE_PROCESSES_STUCK"
    }
  },
  "compilation_analysis": {
    "solution_level": {
      "status": "FAILED",
      "errors": 2,
      "warnings": 0,
      "blocking_issues": [
        "Project file '/tests/WitchCityRope.Api.Tests/WitchCityRope.Api.Tests.csproj' not found",
        "Project file '/tests/WitchCityRope.IntegrationTests/WitchCityRope.IntegrationTests.csproj' not found"
      ],
      "root_cause": "Solution file references moved/renamed test projects"
    },
    "api_project": {
      "status": "FAILED", 
      "errors": 56,
      "warnings": 89,
      "blocking_issues": [
        "Missing Xunit test framework references",
        "Test files embedded in API project without test dependencies",
        "EventUpdateAuthenticationTests.cs cannot compile"
      ],
      "root_cause": "Test code in production API project without test packages"
    }
  },
  "test_execution_results": {
    "dotnet_tests": {
      "executed": false,
      "reason": "COMPILATION_BLOCKED",
      "status": "CANNOT_RUN",
      "total_tests": "UNKNOWN",
      "passed": 0,
      "failed": "ALL_BLOCKED"
    },
    "react_tests": {
      "executed": true,
      "status": "PARTIALLY_WORKING",
      "total_tests": 20,
      "passed": 2,
      "failed": 14,
      "running": 4,
      "pass_rate": "10%",
      "critical_issues": [
        "ProfilePage tests timing out after 14 seconds",
        "Multiple element selection issues"
      ]
    },
    "e2e_tests": {
      "executed": false,
      "reason": "API_SERVICE_DOWN",
      "status": "CANNOT_RUN",
      "available_tests": 20,
      "test_location": "tests/e2e/",
      "framework": "PLAYWRIGHT"
    }
  },
  "test_categories_analysis": {
    "unit_tests": {
      "dotnet_core": {
        "location": "tests/WitchCityRope.Core.Tests/",
        "status": "BLOCKED_BY_COMPILATION",
        "estimated_count": "50+"
      },
      "dotnet_infrastructure": {
        "location": "tests/WitchCityRope.Infrastructure.Tests/",
        "status": "BLOCKED_BY_COMPILATION", 
        "estimated_count": "30+"
      },
      "react_tests": {
        "location": "apps/web/src/**/__tests__/",
        "status": "FAILING",
        "total_tests": 20,
        "pass_rate": "10%"
      }
    },
    "integration_tests": {
      "location": "tests/integration/",
      "status": "BLOCKED_BY_COMPILATION",
      "estimated_count": "25+"
    },
    "e2e_tests": {
      "location": "tests/e2e/", 
      "status": "BLOCKED_BY_API",
      "total_files": 20,
      "framework": "Playwright"
    }
  },
  "critical_blockers": [
    {
      "type": "COMPILATION_ERROR",
      "severity": "CRITICAL",
      "impact": "BLOCKS_ALL_DOTNET_TESTS",
      "description": "Solution file references non-existent test projects",
      "suggested_agent": "backend-developer",
      "fix_estimate": "30 minutes"
    },
    {
      "type": "ARCHITECTURE_MISMATCH", 
      "severity": "CRITICAL",
      "impact": "API_SERVICE_CANNOT_START",
      "description": "Test code embedded in API project without test dependencies",
      "suggested_agent": "backend-developer",
      "fix_estimate": "60 minutes"
    },
    {
      "type": "REACT_TEST_INSTABILITY",
      "severity": "HIGH",
      "impact": "UNRELIABLE_UNIT_TESTING",
      "description": "ProfilePage tests timing out and element selection issues",
      "suggested_agent": "react-developer",
      "fix_estimate": "45 minutes"
    }
  ],
  "tdd_readiness_breakdown": {
    "red_phase": {
      "capability": "BLOCKED",
      "reason": "Cannot run tests due to compilation errors",
      "percentage": "0%"
    },
    "green_phase": {
      "capability": "BLOCKED", 
      "reason": "Cannot implement fixes without running tests",
      "percentage": "0%"
    },
    "refactor_phase": {
      "capability": "BLOCKED",
      "reason": "Cannot verify changes without test execution",
      "percentage": "0%"
    }
  },
  "immediate_action_plan": [
    {
      "priority": 1,
      "action": "Fix solution file project references",
      "agent": "backend-developer",
      "tasks": [
        "Update WitchCityRope.sln to reference correct test project paths",
        "Move tests/unit/api/ back to tests/WitchCityRope.Api.Tests/ OR update solution",
        "Move tests/integration/ back to tests/WitchCityRope.IntegrationTests/ OR update solution"
      ]
    },
    {
      "priority": 2,
      "action": "Remove test code from API project",
      "agent": "backend-developer", 
      "tasks": [
        "Move EventUpdateAuthenticationTests.cs to proper test project",
        "Add Xunit references to test projects, not API project",
        "Verify API project compiles without test dependencies"
      ]
    },
    {
      "priority": 3,
      "action": "Fix React test stability",
      "agent": "react-developer",
      "tasks": [
        "Investigate ProfilePage test timeouts",
        "Fix element selection specificity issues",
        "Optimize test performance"
      ]
    }
  ],
  "success_metrics_for_tdd": {
    "compilation": {
      "target": "Zero errors in solution build",
      "current": "2 solution errors + 56 API errors"
    },
    "api_startup": {
      "target": "API healthy at localhost:5655",
      "current": "API cannot start"
    },
    "test_execution": {
      "target": "All test suites can execute",
      "current": "Only React tests partially working"
    },
    "pass_rate": {
      "target": "80%+ baseline pass rate",
      "current": "Cannot measure due to blockers"
    }
  },
  "environment_details": {
    "react_dev_server": {
      "port": 5173,
      "status": "healthy",
      "hot_reload": "working"
    },
    "api_service": {
      "expected_port": 5655,
      "status": "not_running",
      "compilation_blocked": true
    },
    "test_infrastructure": {
      "vitest": "configured_and_working",
      "playwright": "configured_but_blocked",
      "xunit": "configuration_issues"
    }
  },
  "lessons_learned_applied": [
    "MANDATORY environment pre-flight checks completed",
    "Compilation verification run before test execution",
    "Identified compilation errors as critical blockers per lessons learned",
    "Categorized failures as development issues vs bugs",
    "Following proper escalation pattern to backend-developer"
  ],
  "recommendations": {
    "immediate": "Backend-developer must fix compilation errors before ANY testing can proceed",
    "short_term": "Once compilation fixed, focus on React test stability",
    "medium_term": "Establish proper test project architecture",
    "long_term": "Implement continuous compilation verification"
  }
}